#
# A fatal error has been detected by the Java Runtime Environment:
#
#  EXCEPTION_ACCESS_VIOLATION (0xc0000005) at pc=0x000007fef3f8531a, pid=4332, tid=4436
#
# JRE version: 7.0_13-b20
# Java VM: Java HotSpot(TM) 64-Bit Server VM (23.7-b01 mixed mode windows-amd64 compressed oops)
# Problematic frame:
# C  [OpenNI64.dll+0x1531a]  xnSetSkeletonProfile+0xa
#
# Failed to write core dump. Minidumps are not enabled by default on client versions of Windows
#
# If you would like to submit a bug report, please visit:
#   http://bugreport.sun.com/bugreport/crash.jsp
# The crash happened outside the Java Virtual Machine in native code.
# See problematic frame for where to report the bug.
#

---------------  T H R E A D  ---------------

Current thread (0x000000000e1b8000):  JavaThread "Animation Thread" [_thread_in_native, id=4436, stack(0x0000000011490000,0x0000000011590000)]

siginfo: ExceptionCode=0xc0000005, reading address 0x0000000000000000

Registers:
RAX=0x000000001158f0e0, RBX=0x000000077b947ef0, RCX=0x0000000000000000, RDX=0x0000000000000002
RSP=0x000000001158f080, RBP=0x0000000000000002, RSI=0x0000000000000001, RDI=0x00000000148d7fd0
R8 =0x00ae024401360064, R9 =0x00ae024501340065, R10=0x0000000000000150, R11=0x000000000000001b
R12=0x0000000000000000, R13=0x000000077b947ef0, R14=0x000000001158f260, R15=0x000000000e1b8000
RIP=0x000007fef3f8531a, EFLAGS=0x0000000000010202

Top of Stack: (sp=0x000000001158f080)
0x000000001158f080:   000000077b947ef0 0000000000000001
0x000000001158f090:   0000000000000000 000000001158f1a0
0x000000001158f0a0:   00000000148d7fd0 000007fef895ff6d
0x000000001158f0b0:   0000000000000000 000000077b947ef0
0x000000001158f0c0:   000000001158f260 0000000012537070
0x000000001158f0d0:   0000000000000000 000000000e1b8000
0x000000001158f0e0:   0000000000000000 0000000000000000
0x000000001158f0f0:   000000000e1a7418 000007fef8945070
0x000000001158f100:   000000001158f228 0000000000000000
0x000000001158f110:   000000000e1b8000 0000000000000002
0x000000001158f120:   000000000e165c20 0000000055e4dc66
0x000000001158f130:   000000001158f788 000000001158f1b9
0x000000001158f140:   000000000e1a7438 000000000e1a7418
0x000000001158f150:   0000000000000002 00000000026063d3
0x000000001158f160:   000000077b947ef0 0000000002612235
0x000000001158f170:   000000000e1b8000 000000000e1b8000 

Instructions: (pc=0x000007fef3f8531a)
0x000007fef3f852fa:   09 41 8b d1 49 8b c8 48 ff e0 33 c0 c3 cc cc cc
0x000007fef3f8530a:   cc cc cc cc cc cc 48 89 5c 24 10 57 48 83 ec 20
0x000007fef3f8531a:   48 8b 01 8b fa 48 8b d9 83 78 10 00 76 62 48 8b
0x000007fef3f8532a:   40 08 44 8b 00 41 c1 e8 19 41 83 e0 01 74 51 83 


Register to memory mapping:

RAX=0x000000001158f0e0 is pointing into the stack for thread: 0x000000000e1b8000
RBX=0x000000077b947ef0 is an oop
{method} 
 - klass: {other class}
RCX=0x0000000000000000 is an unknown value
RDX=0x0000000000000002 is an unknown value
RSP=0x000000001158f080 is pointing into the stack for thread: 0x000000000e1b8000
RBP=0x0000000000000002 is an unknown value
RSI=0x0000000000000001 is an unknown value
RDI=0x00000000148d7fd0 is an unknown value
R8 =0x00ae024401360064 is an unknown value
R9 =0x00ae024501340065 is an unknown value
R10=0x0000000000000150 is an unknown value
R11=0x000000000000001b is an unknown value
R12=0x0000000000000000 is an unknown value
R13=0x000000077b947ef0 is an oop
{method} 
 - klass: {other class}
R14=0x000000001158f260 is pointing into the stack for thread: 0x000000000e1b8000
R15=0x000000000e1b8000 is a thread


Stack: [0x0000000011490000,0x0000000011590000],  sp=0x000000001158f080,  free space=1020k
Native frames: (J=compiled Java code, j=interpreted, Vv=VM code, C=native code)
C  [OpenNI64.dll+0x1531a]  xnSetSkeletonProfile+0xa

Java frames: (J=compiled Java code, j=interpreted, Vv=VM code)
j  SimpleOpenNI.SimpleOpenNIJNI.ContextWrapper_enableUserSwigExplicitContextWrapper(JLSimpleOpenNI/ContextWrapper;I)Z+0
j  SimpleOpenNI.ContextWrapper.enableUser(I)Z+28
j  SimpleOpenNI.SimpleOpenNI.enableUser(ILjava/lang/Object;)Z+17
j  SimpleOpenNI.SimpleOpenNI.enableUser(I)Z+6
j  com.madsim.tracking.kinect.Kinect.init()V+74
j  com.madsim.tracking.kinect.Kinect.<init>(Lcom/madsim/engine/EngineApplet;SZ)V+70
j  drole.Main.setup()V+388
j  processing.core.PApplet.handleDraw()V+65
j  processing.core.PApplet.run()V+59
j  java.lang.Thread.run()V+11
v  ~StubRoutines::call_stub

---------------  P R O C E S S  ---------------

Java Threads: ( => current thread )
  0x000000000224e000 JavaThread "DestroyJavaVM" [_thread_blocked, id=4496, stack(0x0000000002500000,0x0000000002600000)]
=>0x000000000e1b8000 JavaThread "Animation Thread" [_thread_in_native, id=4436, stack(0x0000000011490000,0x0000000011590000)]
  0x000000000e155000 JavaThread "D3D Screen Updater" daemon [_thread_blocked, id=4892, stack(0x0000000011770000,0x0000000011870000)]
  0x000000000e0fc000 JavaThread "Image Fetcher 0" daemon [_thread_blocked, id=4452, stack(0x0000000011610000,0x0000000011710000)]
  0x000000000dfa1000 JavaThread "AWT-EventQueue-0" [_thread_blocked, id=1448, stack(0x0000000010b60000,0x0000000010c60000)]
  0x000000000e072000 JavaThread "AWT-Windows" daemon [_thread_in_native, id=5028, stack(0x000000000e8e0000,0x000000000e9e0000)]
  0x000000000e01e800 JavaThread "AWT-Shutdown" [_thread_blocked, id=648, stack(0x000000000eeb0000,0x000000000efb0000)]
  0x000000000dfd5800 JavaThread "Java2D Disposer" daemon [_thread_blocked, id=4484, stack(0x000000000ec80000,0x000000000ed80000)]
  0x000000000df2e800 JavaThread "Service Thread" daemon [_thread_blocked, id=5080, stack(0x000000000e7e0000,0x000000000e8e0000)]
  0x000000000df27800 JavaThread "C2 CompilerThread1" daemon [_thread_blocked, id=4088, stack(0x000000000e420000,0x000000000e520000)]
  0x000000000df11800 JavaThread "C2 CompilerThread0" daemon [_thread_blocked, id=3840, stack(0x000000000e6a0000,0x000000000e7a0000)]
  0x000000000df0a800 JavaThread "Attach Listener" daemon [_thread_blocked, id=5012, stack(0x000000000e580000,0x000000000e680000)]
  0x000000000bfff800 JavaThread "Signal Dispatcher" daemon [_thread_blocked, id=3700, stack(0x000000000e2f0000,0x000000000e3f0000)]
  0x000000000bfc6800 JavaThread "Finalizer" daemon [_thread_blocked, id=3572, stack(0x000000000dca0000,0x000000000dda0000)]
  0x000000000bfbd800 JavaThread "Reference Handler" daemon [_thread_blocked, id=1688, stack(0x000000000ddc0000,0x000000000dec0000)]

Other Threads:
  0x000000000bfb5800 VMThread [stack: 0x000000000db80000,0x000000000dc80000] [id=4604]
  0x000000000df47000 WatcherThread [stack: 0x000000000ea20000,0x000000000eb20000] [id=4076]

VM state:not at safepoint (normal execution)

VM Mutex/Monitor currently owned by a thread: None

Heap
 PSYoungGen      total 611648K, used 83891K [0x00000007d5560000, 0x0000000800000000, 0x0000000800000000)
  eden space 524288K, 16% used [0x00000007d5560000,0x00000007da74cf90,0x00000007f5560000)
  from space 87360K, 0% used [0x00000007faab0000,0x00000007faab0000,0x0000000800000000)
  to   space 87360K, 0% used [0x00000007f5560000,0x00000007f5560000,0x00000007faab0000)
 ParOldGen       total 1398144K, used 0K [0x0000000780000000, 0x00000007d5560000, 0x00000007d5560000)
  object space 1398144K, 0% used [0x0000000780000000,0x0000000780000000,0x00000007d5560000)
 PSPermGen       total 21248K, used 11796K [0x000000077ae00000, 0x000000077c2c0000, 0x0000000780000000)
  object space 21248K, 55% used [0x000000077ae00000,0x000000077b985190,0x000000077c2c0000)

Card table byte_map: [0x0000000005600000,0x0000000005a30000] byte_map_base: 0x0000000001a29000

Polling page: 0x0000000000420000

Code Cache  [0x0000000002600000, 0x0000000002870000, 0x0000000005600000)
 total_blobs=763 nmethods=69 adapters=645 free_code_cache=48344Kb largest_free_block=49499648

Compilation events (10 events):
Event: 0.676 Thread 0x000000000df27800 nmethod 65 0x00000000026bcb50 code [0x00000000026bcca0, 0x00000000026bce78]
Event: 0.676 Thread 0x000000000df11800 nmethod 63 0x00000000026b4a50 code [0x00000000026b4c20, 0x00000000026b5460]
Event: 0.677 Thread 0x000000000df27800   66             java.nio.channels.spi.AbstractInterruptibleChannel::isOpen (5 bytes)
Event: 0.678 Thread 0x000000000df27800 nmethod 66 0x00000000026bd590 code [0x00000000026bd6c0, 0x00000000026bd718]
Event: 0.681 Thread 0x000000000df11800   67             java.lang.AbstractStringBuilder::ensureCapacityInternal (16 bytes)
Event: 0.683 Thread 0x000000000df11800 nmethod 67 0x00000000026c1c50 code [0x00000000026c1da0, 0x00000000026c2018]
Event: 0.685 Thread 0x000000000df27800   68   !         java.io.BufferedReader::readLine (304 bytes)
Event: 0.686 Thread 0x000000000df11800   69             sun.nio.cs.UTF_8$Decoder::decodeArrayLoop (543 bytes)
Event: 0.695 Thread 0x000000000df27800 nmethod 68 0x00000000026c2250 code [0x00000000026c2400, 0x00000000026c3428]
Event: 0.695 Thread 0x000000000df11800 nmethod 69 0x00000000026c6310 code [0x00000000026c6560, 0x00000000026c7078]

GC Heap History (0 events):
No events

Deoptimization events (1 events):
Event: 0.628 Thread 0x000000000e1b8000 Uncommon trap 43 fr.pc 0x000000000269dfd8

Internal exceptions (10 events):
Event: 0.499 Thread 0x000000000e1b8000 Threw 0x00000007d8d5c8e8 at C:\jdk7u2_64p\jdk7u13\hotspot\src\share\vm\prims\jvm.cpp:1166
Event: 0.672 Thread 0x000000000e1b8000 Threw 0x00000007d9d164d0 at C:\jdk7u2_64p\jdk7u13\hotspot\src\share\vm\prims\jvm.cpp:1166
Event: 0.678 Thread 0x000000000e1b8000 Threw 0x00000007d9d27b10 at C:\jdk7u2_64p\jdk7u13\hotspot\src\share\vm\prims\jvm.cpp:1166
Event: 0.679 Thread 0x000000000e1b8000 Threw 0x00000007d9d2ec30 at C:\jdk7u2_64p\jdk7u13\hotspot\src\share\vm\prims\jvm.cpp:1166
Event: 0.688 Thread 0x000000000e1b8000 Threw 0x00000007d9db42e0 at C:\jdk7u2_64p\jdk7u13\hotspot\src\share\vm\prims\jvm.cpp:1166
Event: 0.688 Thread 0x000000000e1b8000 Threw 0x00000007d9dba3a8 at C:\jdk7u2_64p\jdk7u13\hotspot\src\share\vm\prims\jvm.cpp:1166
Event: 0.689 Thread 0x000000000e1b8000 Threw 0x00000007d9dc52c8 at C:\jdk7u2_64p\jdk7u13\hotspot\src\share\vm\prims\jvm.cpp:1166
Event: 0.690 Thread 0x000000000e1b8000 Threw 0x00000007d9dd8620 at C:\jdk7u2_64p\jdk7u13\hotspot\src\share\vm\prims\jvm.cpp:1166
Event: 0.693 Thread 0x000000000e1b8000 Threw 0x00000007d9def690 at C:\jdk7u2_64p\jdk7u13\hotspot\src\share\vm\prims\jvm.cpp:1166
Event: 0.697 Thread 0x000000000e1b8000 Threw 0x00000007d9e2b048 at C:\jdk7u2_64p\jdk7u13\hotspot\src\share\vm\prims\jvm.cpp:1166

Events (10 events):
Event: 0.699 loading class 0x0000000012c0d1c0 done
Event: 0.699 loading class 0x000000000dfc3d00 done
Event: 0.699 loading class 0x000000000dfc3ac0
Event: 0.699 loading class 0x000000000dfc3ac0 done
Event: 0.699 loading class 0x000000000dfde160
Event: 0.699 loading class 0x000000000dfde160 done
Event: 0.699 loading class 0x000000000dfc3d30
Event: 0.699 loading class 0x0000000012c443c0
Event: 0.699 loading class 0x0000000012c443c0 done
Event: 0.699 loading class 0x000000000dfc3d30 done


Dynamic libraries:
0x000000013fe10000 - 0x000000013fe43000 	C:\Program Files\Java\jre7\bin\javaw.exe
0x0000000077450000 - 0x00000000775f9000 	C:\Windows\SYSTEM32\ntdll.dll
0x0000000077230000 - 0x000000007734f000 	C:\Windows\system32\kernel32.dll
0x000007fefd450000 - 0x000007fefd4bb000 	C:\Windows\system32\KERNELBASE.dll
0x000007fefef40000 - 0x000007feff01b000 	C:\Windows\system32\ADVAPI32.dll
0x000007fefee80000 - 0x000007fefef1f000 	C:\Windows\system32\msvcrt.dll
0x000007fefef20000 - 0x000007fefef3f000 	C:\Windows\SYSTEM32\sechost.dll
0x000007feff630000 - 0x000007feff75d000 	C:\Windows\system32\RPCRT4.dll
0x0000000077350000 - 0x000000007744a000 	C:\Windows\system32\USER32.dll
0x000007feff1d0000 - 0x000007feff237000 	C:\Windows\system32\GDI32.dll
0x000007fefe7f0000 - 0x000007fefe7fe000 	C:\Windows\system32\LPK.dll
0x000007fefed60000 - 0x000007fefee29000 	C:\Windows\system32\USP10.dll
0x000007fefbe50000 - 0x000007fefc044000 	C:\Windows\WinSxS\amd64_microsoft.windows.common-controls_6595b64144ccf1df_6.0.7601.17514_none_fa396087175ac9ac\COMCTL32.dll
0x000007feff020000 - 0x000007feff091000 	C:\Windows\system32\SHLWAPI.dll
0x000007fefd950000 - 0x000007fefd97e000 	C:\Windows\system32\IMM32.DLL
0x000007fefe8a0000 - 0x000007fefe9a9000 	C:\Windows\system32\MSCTF.dll
0x00000000564f0000 - 0x00000000565c1000 	C:\Program Files\Java\jre7\bin\msvcr100.dll
0x0000000055dd0000 - 0x00000000564ef000 	C:\Program Files\Java\jre7\bin\server\jvm.dll
0x000007fef6ba0000 - 0x000007fef6ba9000 	C:\Windows\system32\WSOCK32.dll
0x000007fefee30000 - 0x000007fefee7d000 	C:\Windows\system32\WS2_32.dll
0x000007fefe9b0000 - 0x000007fefe9b8000 	C:\Windows\system32\NSI.dll
0x000007fefb2e0000 - 0x000007fefb31b000 	C:\Windows\system32\WINMM.dll
0x0000000077620000 - 0x0000000077627000 	C:\Windows\system32\PSAPI.DLL
0x0000000056660000 - 0x000000005666f000 	C:\Program Files\Java\jre7\bin\verify.dll
0x0000000056630000 - 0x0000000056658000 	C:\Program Files\Java\jre7\bin\java.dll
0x0000000055db0000 - 0x0000000055dc5000 	C:\Program Files\Java\jre7\bin\zip.dll
0x0000000053d70000 - 0x0000000053f03000 	C:\Program Files\Java\jre7\bin\awt.dll
0x000007fefd980000 - 0x000007fefda57000 	C:\Windows\system32\OLEAUT32.dll
0x000007feff240000 - 0x000007feff443000 	C:\Windows\system32\ole32.dll
0x000007fefbb20000 - 0x000007fefbb76000 	C:\Windows\system32\uxtheme.dll
0x000007fefb720000 - 0x000007fefb738000 	C:\Windows\system32\dwmapi.dll
0x000007fefd2d0000 - 0x000007fefd2df000 	C:\Windows\system32\CRYPTBASE.dll
0x000007feeecf0000 - 0x000007feeeeef000 	C:\Windows\system32\d3d9.dll
0x000007fefc4e0000 - 0x000007fefc4ec000 	C:\Windows\system32\VERSION.dll
0x000007fefaa10000 - 0x000007fefaa17000 	C:\Windows\system32\d3d8thk.dll
0x000007feea0c0000 - 0x000007feeb1e7000 	C:\Windows\system32\nvd3dumx.dll
0x0000000180000000 - 0x0000000180154000 	C:\Program Files (x86)\NVIDIA Corporation\3D Vision\nvSCPAPI64.dll
0x000007fefd770000 - 0x000007fefd947000 	C:\Windows\system32\SETUPAPI.dll
0x000007fefd520000 - 0x000007fefd556000 	C:\Windows\system32\CFGMGR32.dll
0x000007fefd500000 - 0x000007fefd51a000 	C:\Windows\system32\DEVOBJ.dll
0x000007fefda60000 - 0x000007fefe7e8000 	C:\Windows\system32\SHELL32.dll
0x000007fefbd40000 - 0x000007fefbd6c000 	C:\Windows\system32\powrprof.dll
0x000007fef8010000 - 0x000007fef82ec000 	C:\Windows\system32\nvapi64.dll
0x000007fefd4c0000 - 0x000007fefd4f9000 	C:\Windows\system32\WINTRUST.dll
0x000007fefd560000 - 0x000007fefd6ca000 	C:\Windows\system32\CRYPT32.dll
0x000007fefd440000 - 0x000007fefd44f000 	C:\Windows\system32\MSASN1.dll
0x0000000054070000 - 0x00000000540a4000 	C:\Program Files\Java\jre7\bin\fontmanager.dll
0x0000000002310000 - 0x000000000236a000 	C:\Users\ChopChop\Documents\GitHub\Drole\Drole1.5\lib\opengl\windows64\jogl.dll
0x000007fef47d0000 - 0x000007fef48ed000 	C:\Windows\system32\OPENGL32.dll
0x000007fef6c00000 - 0x000007fef6c2d000 	C:\Windows\system32\GLU32.dll
0x000007fef2e80000 - 0x000007fef2f71000 	C:\Windows\system32\DDRAW.dll
0x000007fef6bb0000 - 0x000007fef6bb8000 	C:\Windows\system32\DCIMAN32.dll
0x0000000074e00000 - 0x0000000074ec9000 	C:\Windows\WinSxS\amd64_microsoft.vc80.crt_1fc8b3b9a1e18e3b_8.0.50727.4940_none_88df89932faf0bf6\MSVCR80.dll
0x0000000056620000 - 0x0000000056627000 	C:\Program Files\Java\jre7\bin\jawt.dll
0x0000000002370000 - 0x0000000002377000 	C:\Users\ChopChop\Documents\GitHub\Drole\Drole1.5\lib\opengl\windows64\jogl_awt.dll
0x0000000052380000 - 0x0000000053d68000 	C:\Windows\system32\nvoglv64.DLL
0x000007fefb580000 - 0x000007fefb5ad000 	C:\Windows\system32\ntmarta.dll
0x000007feff5d0000 - 0x000007feff622000 	C:\Windows\system32\WLDAP32.dll
0x0000000055d90000 - 0x0000000055da9000 	C:\Program Files\Java\jre7\bin\net.dll
0x000007fefcc10000 - 0x000007fefcc65000 	C:\Windows\system32\mswsock.dll
0x000007fefcc00000 - 0x000007fefcc07000 	C:\Windows\System32\wship6.dll
0x0000000055d70000 - 0x0000000055d81000 	C:\Program Files\Java\jre7\bin\nio.dll
0x0000000054020000 - 0x0000000054061000 	C:\Program Files\Java\jre7\bin\t2k.dll
0x000007fef8930000 - 0x000007fef89b3000 	C:\Users\ChopChop\Documents\GitHub\Drole\Drole1.5\lib\SimpleOpenNI64.dll
0x000007fef3f70000 - 0x000007fef3fd9000 	C:\Program Files\OpenNI\Bin64\OpenNI64.dll
0x000007feef1d0000 - 0x000007feef2e2000 	C:\Program Files\PrimeSense\NITE\bin64\XnVNITE64_1_5_2.dll
0x0000000074ad0000 - 0x0000000074b6d000 	C:\Windows\WinSxS\amd64_microsoft.vc90.crt_1fc8b3b9a1e18e3b_9.0.30729.4940_none_08e4299fa83d7e3c\MSVCR90.dll
0x0000000074b70000 - 0x0000000074c43000 	C:\Windows\WinSxS\amd64_microsoft.vc90.crt_1fc8b3b9a1e18e3b_9.0.30729.4940_none_08e4299fa83d7e3c\MSVCP90.dll
0x000007fef8910000 - 0x000007fef892c000 	C:\Program Files\OpenNI\bin64\nimRecorder64.dll
0x000007fef88f0000 - 0x000007fef8910000 	C:\Program Files\OpenNI\bin64\nimMockNodes64.dll
0x000007fef4e70000 - 0x000007fef4ec4000 	C:\Program Files\OpenNI\bin64\nimCodecs64.dll
0x000007feebd80000 - 0x000007feec041000 	C:\Program Files\PrimeSense\NITE\Features_1_3_1\Bin64\XnVFeatures64_1_3_1.dll
0x000007feeb9d0000 - 0x000007feebd74000 	C:\Program Files\PrimeSense\NITE\Features_1_4_1\Bin64\XnVFeatures64_1_4_1.dll
0x000007feeb630000 - 0x000007feeb9ca000 	C:\Program Files\PrimeSense\NITE\Features_1_4_2\Bin64\XnVFeatures64_1_4_2.dll
0x000007feeb280000 - 0x000007feeb62f000 	C:\Program Files\PrimeSense\NITE\Features_1_5_2\Bin64\XnVFeatures64_1_5_2.dll
0x000007feeda70000 - 0x000007feedb91000 	C:\Program Files\PrimeSense\NITE\Hands_1_3_1\Bin64\XnVHandGenerator64_1_3_1.dll
0x000007feec1f0000 - 0x000007feec314000 	C:\Program Files\PrimeSense\NITE\Hands_1_4_1\Bin64\XnVHandGenerator64_1_4_1.dll
0x000007feec0d0000 - 0x000007feec1ea000 	C:\Program Files\PrimeSense\NITE\Hands_1_4_2\Bin64\XnVHandGenerator64_1_4_2.dll
0x000007fee9f90000 - 0x000007feea0bc000 	C:\Program Files\PrimeSense\NITE\Hands_1_5_2\Bin64\XnVHandGenerator64_1_5_2.dll
0x000007fef3f30000 - 0x000007fef3f69000 	C:\Program Files\PrimeSense\Sensor\Bin64\XnDeviceFile64.dll
0x000007fefae60000 - 0x000007fefae6d000 	C:\Program Files\PrimeSense\Sensor\Bin64\XnCore64.dll
0x000007fef1640000 - 0x000007fef16e8000 	C:\Program Files\PrimeSense\Sensor\Bin64\XnDDK64.dll
0x000007fef3ec0000 - 0x000007fef3f24000 	C:\Program Files\PrimeSense\Sensor\Bin64\XnFormats64.dll
0x000007feef110000 - 0x000007feef1c6000 	C:\Program Files\PrimeSense\Sensor\Bin64\XnDeviceSensorV264.dll
0x000007fef3e90000 - 0x000007fef3eb7000 	C:\Program Files\PrimeSense\SensorKinect\Bin64\XnDeviceFile64.dll
0x000007feeff40000 - 0x000007feeffa5000 	C:\Program Files\PrimeSense\SensorKinect\Bin64\XnDeviceSensorV2KM64.dll
0x000007fefb020000 - 0x000007fefb145000 	C:\Windows\system32\dbghelp.dll

VM Arguments:
jvm_args: -Xms2G -Xmx2G -Djava.library.path=C:\Users\ChopChop\Documents\GitHub\Drole\Drole1.5\lib;C:\Users\ChopChop\Documents\GitHub\Drole\Drole1.5\lib\opengl;C:\Users\ChopChop\Documents\GitHub\Drole\Drole1.5\lib\opengl\windows64 -Dfile.encoding=Cp1252 
java_command: drole.Main
Launcher Type: SUN_STANDARD

Environment Variables:
CLASSPATH=C:\Program Files\OpenNI\Bin64\org.OpenNI.jar
PATH=C:\Program Files (x86)\NVIDIA Corporation\PhysX\Common;C:\Windows\system32;C:\Windows;C:\Windows\System32\Wbem;C:\Windows\System32\WindowsPowerShell\v1.0\;C:\Program Files\OpenNI\Bin64;C:\Program Files\PrimeSense\NITE\bin64
USERNAME=ChopChop
OS=Windows_NT
PROCESSOR_IDENTIFIER=Intel64 Family 6 Model 45 Stepping 7, GenuineIntel



---------------  S Y S T E M  ---------------

OS: Windows 7 , 64 bit Build 7601 Service Pack 1

CPU:total 8 (4 cores per cpu, 2 threads per core) family 6 model 45 stepping 7, cmov, cx8, fxsr, mmx, sse, sse2, sse3, ssse3, sse4.1, sse4.2, popcnt, avx, ht, tsc, tscinvbit, tscinv

Memory: 4k page, physical 8337572k(5934276k free), swap 16673300k(11197848k free)

vm_info: Java HotSpot(TM) 64-Bit Server VM (23.7-b01) for windows-amd64 JRE (1.7.0_13-b20), built on Jan 30 2013 10:10:00 by "java_re" with unknown MS VC++:1600

time: Tue Mar 05 11:48:29 2013
elapsed time: 0 seconds

