#
# A fatal error has been detected by the Java Runtime Environment:
#
#  EXCEPTION_ACCESS_VIOLATION (0xc0000005) at pc=0x000007fef896531a, pid=4796, tid=3804
#
# JRE version: 7.0_13-b20
# Java VM: Java HotSpot(TM) 64-Bit Server VM (23.7-b01 mixed mode windows-amd64 compressed oops)
# Problematic frame:
# C  [OpenNI64.dll+0x1531a]  xnSetSkeletonProfile+0xa
#
# Failed to write core dump. Minidumps are not enabled by default on client versions of Windows
#
# If you would like to submit a bug report, please visit:
#   http://bugreport.sun.com/bugreport/crash.jsp
# The crash happened outside the Java Virtual Machine in native code.
# See problematic frame for where to report the bug.
#

---------------  T H R E A D  ---------------

Current thread (0x000000000e157800):  JavaThread "Animation Thread" [_thread_in_native, id=3804, stack(0x0000000011850000,0x0000000011950000)]

siginfo: ExceptionCode=0xc0000005, reading address 0x0000000000000000

Registers:
RAX=0x000000001194ee10, RBX=0x000000077b947ef0, RCX=0x0000000000000000, RDX=0x0000000000000002
RSP=0x000000001194edb0, RBP=0x0000000000000002, RSI=0x0000000000000001, RDI=0x00000000154f7fd0
R8 =0x040410b5005800d3, R9 =0x040410b6005600d4, R10=0x0000000000000290, R11=0x000000000000001b
R12=0x0000000000000000, R13=0x000000077b947ef0, R14=0x000000001194ef90, R15=0x000000000e157800
RIP=0x000007fef896531a, EFLAGS=0x0000000000010202

Top of Stack: (sp=0x000000001194edb0)
0x000000001194edb0:   000000077b947ef0 0000000000000001
0x000000001194edc0:   0000000000000000 000000001194eed0
0x000000001194edd0:   00000000154f7fd0 000007fef3f7ff6d
0x000000001194ede0:   0000000000000000 000000077b947ef0
0x000000001194edf0:   000000001194ef90 000000001265d5a0
0x000000001194ee00:   0000000000000000 000000000e157800
0x000000001194ee10:   0000000000000000 0000000000000000
0x000000001194ee20:   000000000e149e48 000007fef3f65070
0x000000001194ee30:   000000001194ef58 0000000000000000
0x000000001194ee40:   000000000e157800 0000000000000002
0x000000001194ee50:   000000000e107fc0 0000000055e4dc66
0x000000001194ee60:   000000001194f4b8 000000001194eee9
0x000000001194ee70:   000000000e149e68 000000000e149e48
0x000000001194ee80:   0000000000000002 00000000024363d3
0x000000001194ee90:   000000077b947ef0 0000000002442235
0x000000001194eea0:   000000000e157800 000000000e157800 

Instructions: (pc=0x000007fef896531a)
0x000007fef89652fa:   09 41 8b d1 49 8b c8 48 ff e0 33 c0 c3 cc cc cc
0x000007fef896530a:   cc cc cc cc cc cc 48 89 5c 24 10 57 48 83 ec 20
0x000007fef896531a:   48 8b 01 8b fa 48 8b d9 83 78 10 00 76 62 48 8b
0x000007fef896532a:   40 08 44 8b 00 41 c1 e8 19 41 83 e0 01 74 51 83 


Register to memory mapping:

RAX=0x000000001194ee10 is pointing into the stack for thread: 0x000000000e157800
RBX=0x000000077b947ef0 is an oop
{method} 
 - klass: {other class}
RCX=0x0000000000000000 is an unknown value
RDX=0x0000000000000002 is an unknown value
RSP=0x000000001194edb0 is pointing into the stack for thread: 0x000000000e157800
RBP=0x0000000000000002 is an unknown value
RSI=0x0000000000000001 is an unknown value
RDI=0x00000000154f7fd0 is an unknown value
R8 =0x040410b5005800d3 is an unknown value
R9 =0x040410b6005600d4 is an unknown value
R10=0x0000000000000290 is an unknown value
R11=0x000000000000001b is an unknown value
R12=0x0000000000000000 is an unknown value
R13=0x000000077b947ef0 is an oop
{method} 
 - klass: {other class}
R14=0x000000001194ef90 is pointing into the stack for thread: 0x000000000e157800
R15=0x000000000e157800 is a thread


Stack: [0x0000000011850000,0x0000000011950000],  sp=0x000000001194edb0,  free space=1019k
Native frames: (J=compiled Java code, j=interpreted, Vv=VM code, C=native code)
C  [OpenNI64.dll+0x1531a]  xnSetSkeletonProfile+0xa

Java frames: (J=compiled Java code, j=interpreted, Vv=VM code)
j  SimpleOpenNI.SimpleOpenNIJNI.ContextWrapper_enableUserSwigExplicitContextWrapper(JLSimpleOpenNI/ContextWrapper;I)Z+0
j  SimpleOpenNI.ContextWrapper.enableUser(I)Z+28
j  SimpleOpenNI.SimpleOpenNI.enableUser(ILjava/lang/Object;)Z+17
j  SimpleOpenNI.SimpleOpenNI.enableUser(I)Z+6
j  com.madsim.tracking.kinect.Kinect.init()V+74
j  com.madsim.tracking.kinect.Kinect.<init>(Lcom/madsim/engine/EngineApplet;SZ)V+70
j  drole.Main.setup()V+388
j  processing.core.PApplet.handleDraw()V+65
j  processing.core.PApplet.run()V+59
j  java.lang.Thread.run()V+11
v  ~StubRoutines::call_stub

---------------  P R O C E S S  ---------------

Java Threads: ( => current thread )
  0x000000000229e000 JavaThread "DestroyJavaVM" [_thread_blocked, id=3692, stack(0x0000000002330000,0x0000000002430000)]
=>0x000000000e157800 JavaThread "Animation Thread" [_thread_in_native, id=3804, stack(0x0000000011850000,0x0000000011950000)]
  0x000000000e030800 JavaThread "D3D Screen Updater" daemon [_thread_blocked, id=4644, stack(0x00000000115a0000,0x00000000116a0000)]
  0x000000000e08a000 JavaThread "Image Fetcher 0" daemon [_thread_blocked, id=4656, stack(0x0000000011410000,0x0000000011510000)]
  0x000000000e001000 JavaThread "AWT-EventQueue-0" [_thread_blocked, id=4912, stack(0x0000000010ac0000,0x0000000010bc0000)]
  0x000000000dfad800 JavaThread "AWT-Windows" daemon [_thread_in_native, id=4152, stack(0x000000000ee80000,0x000000000ef80000)]
  0x000000000e03d800 JavaThread "AWT-Shutdown" [_thread_blocked, id=4940, stack(0x000000000e260000,0x000000000e360000)]
  0x000000000df64800 JavaThread "Java2D Disposer" daemon [_thread_blocked, id=3576, stack(0x000000000ed70000,0x000000000ee70000)]
  0x000000000debd000 JavaThread "Service Thread" daemon [_thread_blocked, id=4160, stack(0x000000000ea10000,0x000000000eb10000)]
  0x000000000deb8000 JavaThread "C2 CompilerThread1" daemon [_thread_blocked, id=4600, stack(0x000000000e760000,0x000000000e860000)]
  0x000000000deb1800 JavaThread "C2 CompilerThread0" daemon [_thread_blocked, id=5076, stack(0x000000000e630000,0x000000000e730000)]
  0x000000000deaa800 JavaThread "Attach Listener" daemon [_thread_blocked, id=1864, stack(0x000000000e480000,0x000000000e580000)]
  0x000000000beff800 JavaThread "Signal Dispatcher" daemon [_thread_blocked, id=4800, stack(0x000000000e360000,0x000000000e460000)]
  0x000000000bec6800 JavaThread "Finalizer" daemon [_thread_blocked, id=4848, stack(0x000000000dd60000,0x000000000de60000)]
  0x000000000bebd800 JavaThread "Reference Handler" daemon [_thread_blocked, id=4420, stack(0x000000000dbd0000,0x000000000dcd0000)]

Other Threads:
  0x000000000beb5800 VMThread [stack: 0x000000000d9e0000,0x000000000dae0000] [id=4776]
  0x000000000ded6000 WatcherThread [stack: 0x000000000ec10000,0x000000000ed10000] [id=3464]

VM state:not at safepoint (normal execution)

VM Mutex/Monitor currently owned by a thread: None

Heap
 PSYoungGen      total 611648K, used 83891K [0x00000007d5560000, 0x0000000800000000, 0x0000000800000000)
  eden space 524288K, 16% used [0x00000007d5560000,0x00000007da74cf90,0x00000007f5560000)
  from space 87360K, 0% used [0x00000007faab0000,0x00000007faab0000,0x0000000800000000)
  to   space 87360K, 0% used [0x00000007f5560000,0x00000007f5560000,0x00000007faab0000)
 ParOldGen       total 1398144K, used 0K [0x0000000780000000, 0x00000007d5560000, 0x00000007d5560000)
  object space 1398144K, 0% used [0x0000000780000000,0x0000000780000000,0x00000007d5560000)
 PSPermGen       total 21248K, used 11796K [0x000000077ae00000, 0x000000077c2c0000, 0x0000000780000000)
  object space 21248K, 55% used [0x000000077ae00000,0x000000077b985190,0x000000077c2c0000)

Card table byte_map: [0x00000000054f0000,0x0000000005920000] byte_map_base: 0x0000000001919000

Polling page: 0x0000000000420000

Code Cache  [0x0000000002430000, 0x00000000026a0000, 0x0000000005430000)
 total_blobs=762 nmethods=68 adapters=645 free_code_cache=48345Kb largest_free_block=49502336

Compilation events (10 events):
Event: 0.648 Thread 0x000000000deb1800 nmethod 64 0x00000000024df890 code [0x00000000024df9e0, 0x00000000024dfbb8]
Event: 0.649 Thread 0x000000000deb8000 nmethod 62 0x00000000024e0390 code [0x00000000024e0560, 0x00000000024e0da0]
Event: 0.650 Thread 0x000000000deb1800   65             java.nio.channels.spi.AbstractInterruptibleChannel::isOpen (5 bytes)
Event: 0.650 Thread 0x000000000deb1800 nmethod 65 0x00000000024cdb50 code [0x00000000024cdc80, 0x00000000024cdcd8]
Event: 0.654 Thread 0x000000000deb8000   66             java.lang.AbstractStringBuilder::ensureCapacityInternal (16 bytes)
Event: 0.655 Thread 0x000000000deb8000 nmethod 66 0x00000000024efb50 code [0x00000000024efca0, 0x00000000024eff18]
Event: 0.659 Thread 0x000000000deb1800   67   !         java.io.BufferedReader::readLine (304 bytes)
Event: 0.660 Thread 0x000000000deb8000   68             sun.nio.cs.UTF_8$Decoder::decodeArrayLoop (543 bytes)
Event: 0.668 Thread 0x000000000deb1800 nmethod 67 0x00000000024f4210 code [0x00000000024f43c0, 0x00000000024f53e8]
Event: 0.669 Thread 0x000000000deb8000 nmethod 68 0x00000000024f5ad0 code [0x00000000024f5d20, 0x00000000024f6838]

GC Heap History (0 events):
No events

Deoptimization events (1 events):
Event: 0.601 Thread 0x000000000e157800 Uncommon trap 43 fr.pc 0x00000000024d4f58

Internal exceptions (10 events):
Event: 0.474 Thread 0x000000000e157800 Threw 0x00000007d8d5c6d8 at C:\jdk7u2_64p\jdk7u13\hotspot\src\share\vm\prims\jvm.cpp:1166
Event: 0.645 Thread 0x000000000e157800 Threw 0x00000007d9d164d0 at C:\jdk7u2_64p\jdk7u13\hotspot\src\share\vm\prims\jvm.cpp:1166
Event: 0.651 Thread 0x000000000e157800 Threw 0x00000007d9d27b10 at C:\jdk7u2_64p\jdk7u13\hotspot\src\share\vm\prims\jvm.cpp:1166
Event: 0.651 Thread 0x000000000e157800 Threw 0x00000007d9d2ec30 at C:\jdk7u2_64p\jdk7u13\hotspot\src\share\vm\prims\jvm.cpp:1166
Event: 0.665 Thread 0x000000000e157800 Threw 0x00000007d9db42e0 at C:\jdk7u2_64p\jdk7u13\hotspot\src\share\vm\prims\jvm.cpp:1166
Event: 0.665 Thread 0x000000000e157800 Threw 0x00000007d9dba3a8 at C:\jdk7u2_64p\jdk7u13\hotspot\src\share\vm\prims\jvm.cpp:1166
Event: 0.666 Thread 0x000000000e157800 Threw 0x00000007d9dc52c8 at C:\jdk7u2_64p\jdk7u13\hotspot\src\share\vm\prims\jvm.cpp:1166
Event: 0.667 Thread 0x000000000e157800 Threw 0x00000007d9dd8620 at C:\jdk7u2_64p\jdk7u13\hotspot\src\share\vm\prims\jvm.cpp:1166
Event: 0.670 Thread 0x000000000e157800 Threw 0x00000007d9def690 at C:\jdk7u2_64p\jdk7u13\hotspot\src\share\vm\prims\jvm.cpp:1166
Event: 0.674 Thread 0x000000000e157800 Threw 0x00000007d9e2b048 at C:\jdk7u2_64p\jdk7u13\hotspot\src\share\vm\prims\jvm.cpp:1166

Events (10 events):
Event: 0.676 loading class 0x0000000012df8940 done
Event: 0.676 loading class 0x000000000df52c80 done
Event: 0.676 loading class 0x000000000df52a40
Event: 0.676 loading class 0x000000000df52a40 done
Event: 0.676 loading class 0x000000000df6d0e0
Event: 0.676 loading class 0x000000000df6d0e0 done
Event: 0.676 loading class 0x000000000df52cb0
Event: 0.676 loading class 0x0000000012e41060
Event: 0.676 loading class 0x0000000012e41060 done
Event: 0.676 loading class 0x000000000df52cb0 done


Dynamic libraries:
0x000000013f5d0000 - 0x000000013f603000 	C:\Program Files\Java\jre7\bin\javaw.exe
0x0000000077450000 - 0x00000000775f9000 	C:\Windows\SYSTEM32\ntdll.dll
0x0000000077230000 - 0x000000007734f000 	C:\Windows\system32\kernel32.dll
0x000007fefd450000 - 0x000007fefd4bb000 	C:\Windows\system32\KERNELBASE.dll
0x000007fefef40000 - 0x000007feff01b000 	C:\Windows\system32\ADVAPI32.dll
0x000007fefee80000 - 0x000007fefef1f000 	C:\Windows\system32\msvcrt.dll
0x000007fefef20000 - 0x000007fefef3f000 	C:\Windows\SYSTEM32\sechost.dll
0x000007feff630000 - 0x000007feff75d000 	C:\Windows\system32\RPCRT4.dll
0x0000000077350000 - 0x000000007744a000 	C:\Windows\system32\USER32.dll
0x000007feff1d0000 - 0x000007feff237000 	C:\Windows\system32\GDI32.dll
0x000007fefe7f0000 - 0x000007fefe7fe000 	C:\Windows\system32\LPK.dll
0x000007fefed60000 - 0x000007fefee29000 	C:\Windows\system32\USP10.dll
0x000007fefbe50000 - 0x000007fefc044000 	C:\Windows\WinSxS\amd64_microsoft.windows.common-controls_6595b64144ccf1df_6.0.7601.17514_none_fa396087175ac9ac\COMCTL32.dll
0x000007feff020000 - 0x000007feff091000 	C:\Windows\system32\SHLWAPI.dll
0x000007fefd950000 - 0x000007fefd97e000 	C:\Windows\system32\IMM32.DLL
0x000007fefe8a0000 - 0x000007fefe9a9000 	C:\Windows\system32\MSCTF.dll
0x00000000564f0000 - 0x00000000565c1000 	C:\Program Files\Java\jre7\bin\msvcr100.dll
0x0000000055dd0000 - 0x00000000564ef000 	C:\Program Files\Java\jre7\bin\server\jvm.dll
0x000007fef6ba0000 - 0x000007fef6ba9000 	C:\Windows\system32\WSOCK32.dll
0x000007fefee30000 - 0x000007fefee7d000 	C:\Windows\system32\WS2_32.dll
0x000007fefe9b0000 - 0x000007fefe9b8000 	C:\Windows\system32\NSI.dll
0x000007fefb2e0000 - 0x000007fefb31b000 	C:\Windows\system32\WINMM.dll
0x0000000077620000 - 0x0000000077627000 	C:\Windows\system32\PSAPI.DLL
0x0000000056660000 - 0x000000005666f000 	C:\Program Files\Java\jre7\bin\verify.dll
0x0000000056630000 - 0x0000000056658000 	C:\Program Files\Java\jre7\bin\java.dll
0x0000000055db0000 - 0x0000000055dc5000 	C:\Program Files\Java\jre7\bin\zip.dll
0x0000000053f10000 - 0x00000000540a3000 	C:\Program Files\Java\jre7\bin\awt.dll
0x000007fefd980000 - 0x000007fefda57000 	C:\Windows\system32\OLEAUT32.dll
0x000007feff240000 - 0x000007feff443000 	C:\Windows\system32\ole32.dll
0x000007fefbb20000 - 0x000007fefbb76000 	C:\Windows\system32\uxtheme.dll
0x000007fefb720000 - 0x000007fefb738000 	C:\Windows\system32\dwmapi.dll
0x000007fefd2d0000 - 0x000007fefd2df000 	C:\Windows\system32\CRYPTBASE.dll
0x000007feef0f0000 - 0x000007feef2ef000 	C:\Windows\system32\d3d9.dll
0x000007fefc4e0000 - 0x000007fefc4ec000 	C:\Windows\system32\VERSION.dll
0x000007fefae60000 - 0x000007fefae67000 	C:\Windows\system32\d3d8thk.dll
0x000007feeb1f0000 - 0x000007feec317000 	C:\Windows\system32\nvd3dumx.dll
0x0000000180000000 - 0x0000000180154000 	C:\Program Files (x86)\NVIDIA Corporation\3D Vision\nvSCPAPI64.dll
0x000007fefd770000 - 0x000007fefd947000 	C:\Windows\system32\SETUPAPI.dll
0x000007fefd520000 - 0x000007fefd556000 	C:\Windows\system32\CFGMGR32.dll
0x000007fefd500000 - 0x000007fefd51a000 	C:\Windows\system32\DEVOBJ.dll
0x000007fefda60000 - 0x000007fefe7e8000 	C:\Windows\system32\SHELL32.dll
0x000007fefbd40000 - 0x000007fefbd6c000 	C:\Windows\system32\powrprof.dll
0x000007fef8010000 - 0x000007fef82ec000 	C:\Windows\system32\nvapi64.dll
0x000007fefd4c0000 - 0x000007fefd4f9000 	C:\Windows\system32\WINTRUST.dll
0x000007fefd560000 - 0x000007fefd6ca000 	C:\Windows\system32\CRYPT32.dll
0x000007fefd440000 - 0x000007fefd44f000 	C:\Windows\system32\MSASN1.dll
0x0000000053ed0000 - 0x0000000053f04000 	C:\Program Files\Java\jre7\bin\fontmanager.dll
0x00000000022b0000 - 0x000000000230a000 	C:\Users\ChopChop\Documents\GitHub\Drole\Drole1.5\lib\opengl\windows64\jogl.dll
0x000007fef47d0000 - 0x000007fef48ed000 	C:\Windows\system32\OPENGL32.dll
0x000007fef6c00000 - 0x000007fef6c2d000 	C:\Windows\system32\GLU32.dll
0x000007fef2e80000 - 0x000007fef2f71000 	C:\Windows\system32\DDRAW.dll
0x000007fef6bb0000 - 0x000007fef6bb8000 	C:\Windows\system32\DCIMAN32.dll
0x0000000074e00000 - 0x0000000074ec9000 	C:\Windows\WinSxS\amd64_microsoft.vc80.crt_1fc8b3b9a1e18e3b_8.0.50727.4940_none_88df89932faf0bf6\MSVCR80.dll
0x0000000056670000 - 0x0000000056677000 	C:\Program Files\Java\jre7\bin\jawt.dll
0x0000000005bd0000 - 0x0000000005bd7000 	C:\Users\ChopChop\Documents\GitHub\Drole\Drole1.5\lib\opengl\windows64\jogl_awt.dll
0x00000000524e0000 - 0x0000000053ec8000 	C:\Windows\system32\nvoglv64.DLL
0x000007fefb580000 - 0x000007fefb5ad000 	C:\Windows\system32\ntmarta.dll
0x000007feff5d0000 - 0x000007feff622000 	C:\Windows\system32\WLDAP32.dll
0x0000000055d90000 - 0x0000000055da9000 	C:\Program Files\Java\jre7\bin\net.dll
0x000007fefcc10000 - 0x000007fefcc65000 	C:\Windows\system32\mswsock.dll
0x000007fefcc00000 - 0x000007fefcc07000 	C:\Windows\System32\wship6.dll
0x0000000055d70000 - 0x0000000055d81000 	C:\Program Files\Java\jre7\bin\nio.dll
0x0000000052490000 - 0x00000000524d1000 	C:\Program Files\Java\jre7\bin\t2k.dll
0x000007fef3f50000 - 0x000007fef3fd3000 	C:\Users\ChopChop\Documents\GitHub\Drole\Drole1.5\lib\SimpleOpenNI64.dll
0x000007fef8950000 - 0x000007fef89b9000 	C:\Program Files\OpenNI\Bin64\OpenNI64.dll
0x000007feeedd0000 - 0x000007feeeee2000 	C:\Program Files\PrimeSense\NITE\bin64\XnVNITE64_1_5_2.dll
0x0000000074ad0000 - 0x0000000074b6d000 	C:\Windows\WinSxS\amd64_microsoft.vc90.crt_1fc8b3b9a1e18e3b_9.0.30729.4940_none_08e4299fa83d7e3c\MSVCR90.dll
0x0000000074b70000 - 0x0000000074c43000 	C:\Windows\WinSxS\amd64_microsoft.vc90.crt_1fc8b3b9a1e18e3b_9.0.30729.4940_none_08e4299fa83d7e3c\MSVCP90.dll
0x000007fefaa00000 - 0x000007fefaa1c000 	C:\Program Files\OpenNI\bin64\nimRecorder64.dll
0x000007fef8930000 - 0x000007fef8950000 	C:\Program Files\OpenNI\bin64\nimMockNodes64.dll
0x000007fef88d0000 - 0x000007fef8924000 	C:\Program Files\OpenNI\bin64\nimCodecs64.dll
0x000007feeaf20000 - 0x000007feeb1e1000 	C:\Program Files\PrimeSense\NITE\Features_1_3_1\Bin64\XnVFeatures64_1_3_1.dll
0x000007feeab70000 - 0x000007feeaf14000 	C:\Program Files\PrimeSense\NITE\Features_1_4_1\Bin64\XnVFeatures64_1_4_1.dll
0x000007feea7d0000 - 0x000007feeab6a000 	C:\Program Files\PrimeSense\NITE\Features_1_4_2\Bin64\XnVFeatures64_1_4_2.dll
0x000007feea420000 - 0x000007feea7cf000 	C:\Program Files\PrimeSense\NITE\Features_1_5_2\Bin64\XnVFeatures64_1_5_2.dll
0x000007feeeca0000 - 0x000007feeedc1000 	C:\Program Files\PrimeSense\NITE\Hands_1_3_1\Bin64\XnVHandGenerator64_1_3_1.dll
0x000007feeda70000 - 0x000007feedb94000 	C:\Program Files\PrimeSense\NITE\Hands_1_4_1\Bin64\XnVHandGenerator64_1_4_1.dll
0x000007feea300000 - 0x000007feea41a000 	C:\Program Files\PrimeSense\NITE\Hands_1_4_2\Bin64\XnVHandGenerator64_1_4_2.dll
0x000007feea1d0000 - 0x000007feea2fc000 	C:\Program Files\PrimeSense\NITE\Hands_1_5_2\Bin64\XnVHandGenerator64_1_5_2.dll
0x000007fef4e90000 - 0x000007fef4ec9000 	C:\Program Files\PrimeSense\Sensor\Bin64\XnDeviceFile64.dll
0x000007fefa340000 - 0x000007fefa34d000 	C:\Program Files\PrimeSense\Sensor\Bin64\XnCore64.dll
0x000007fef3ea0000 - 0x000007fef3f48000 	C:\Program Files\PrimeSense\Sensor\Bin64\XnDDK64.dll
0x000007fef1680000 - 0x000007fef16e4000 	C:\Program Files\PrimeSense\Sensor\Bin64\XnFormats64.dll
0x000007feed9b0000 - 0x000007feeda66000 	C:\Program Files\PrimeSense\Sensor\Bin64\XnDeviceSensorV264.dll
0x000007fef1650000 - 0x000007fef1677000 	C:\Program Files\PrimeSense\SensorKinect\Bin64\XnDeviceFile64.dll
0x000007feea160000 - 0x000007feea1c5000 	C:\Program Files\PrimeSense\SensorKinect\Bin64\XnDeviceSensorV2KM64.dll
0x000007fefb020000 - 0x000007fefb145000 	C:\Windows\system32\dbghelp.dll

VM Arguments:
jvm_args: -Xms2G -Xmx2G -Djava.library.path=C:\Users\ChopChop\Documents\GitHub\Drole\Drole1.5\lib;C:\Users\ChopChop\Documents\GitHub\Drole\Drole1.5\lib\opengl;C:\Users\ChopChop\Documents\GitHub\Drole\Drole1.5\lib\opengl\windows64 -Dfile.encoding=Cp1252 
java_command: drole.Main
Launcher Type: SUN_STANDARD

Environment Variables:
CLASSPATH=C:\Program Files\OpenNI\Bin64\org.OpenNI.jar
PATH=C:\Program Files (x86)\NVIDIA Corporation\PhysX\Common;C:\Windows\system32;C:\Windows;C:\Windows\System32\Wbem;C:\Windows\System32\WindowsPowerShell\v1.0\;C:\Program Files\OpenNI\Bin64;C:\Program Files\PrimeSense\NITE\bin64
USERNAME=ChopChop
OS=Windows_NT
PROCESSOR_IDENTIFIER=Intel64 Family 6 Model 45 Stepping 7, GenuineIntel



---------------  S Y S T E M  ---------------

OS: Windows 7 , 64 bit Build 7601 Service Pack 1

CPU:total 8 (4 cores per cpu, 2 threads per core) family 6 model 45 stepping 7, cmov, cx8, fxsr, mmx, sse, sse2, sse3, ssse3, sse4.1, sse4.2, popcnt, avx, ht, tsc, tscinvbit, tscinv

Memory: 4k page, physical 8337572k(5929564k free), swap 16673300k(11193716k free)

vm_info: Java HotSpot(TM) 64-Bit Server VM (23.7-b01) for windows-amd64 JRE (1.7.0_13-b20), built on Jan 30 2013 10:10:00 by "java_re" with unknown MS VC++:1600

time: Tue Mar 05 11:49:17 2013
elapsed time: 0 seconds

