#
# A fatal error has been detected by the Java Runtime Environment:
#
#  EXCEPTION_ACCESS_VIOLATION (0xc0000005) at pc=0x000007fef5e0531a, pid=1940, tid=4372
#
# JRE version: 7.0_13-b20
# Java VM: Java HotSpot(TM) 64-Bit Server VM (23.7-b01 mixed mode windows-amd64 compressed oops)
# Problematic frame:
# C  [OpenNI64.dll+0x1531a]  xnSetSkeletonProfile+0xa
#
# Failed to write core dump. Minidumps are not enabled by default on client versions of Windows
#
# If you would like to submit a bug report, please visit:
#   http://bugreport.sun.com/bugreport/crash.jsp
# The crash happened outside the Java Virtual Machine in native code.
# See problematic frame for where to report the bug.
#

---------------  T H R E A D  ---------------

Current thread (0x000000000b449800):  JavaThread "Animation Thread" [_thread_in_native, id=4372, stack(0x000000000f5b0000,0x000000000f6b0000)]

siginfo: ExceptionCode=0xc0000005, reading address 0x0000000000000000

Registers:
RAX=0x000000000f6aecf0, RBX=0x00000000bb9349f0, RCX=0x0000000000000000, RDX=0x0000000000000002
RSP=0x000000000f6aec90, RBP=0x0000000000000002, RSI=0x0000000000000001, RDI=0x0000000012e17fd0
R8 =0x00000240008000bf, R9 =0x00000241007e00c0, R10=0x0000000000380158, R11=0x0000000000492850
R12=0x0000000000000000, R13=0x00000000bb9349f0, R14=0x000000000f6aee70, R15=0x000000000b449800
RIP=0x000007fef5e0531a, EFLAGS=0x0000000000010206

Top of Stack: (sp=0x000000000f6aec90)
0x000000000f6aec90:   00000000bb9349f0 0000000000000001
0x000000000f6aeca0:   0000000000000000 000000000f6aedb0
0x000000000f6aecb0:   0000000012e17fd0 000007fef5abff6d
0x000000000f6aecc0:   0000000000000000 00000000bb9349f0
0x000000000f6aecd0:   000000000f6aee70 000000000fcfdbd0
0x000000000f6aece0:   0000000000000000 000000000b449800
0x000000000f6aecf0:   0000000000000000 0000000000000000
0x000000000f6aed00:   000000000b3f87f8 000007fef5aa5070
0x000000000f6aed10:   000000000f6aee38 0000000000000000
0x000000000f6aed20:   000000000b449800 0000000000000002
0x000000000f6aed30:   000000000b44b9c0 0000000073a6dc66
0x000000000f6aed40:   000000000f6af398 000000000f6aedc9
0x000000000f6aed50:   000000000b3f8818 000000000b3f87f8
0x000000000f6aed60:   0000000000000002 00000000026463d3
0x000000000f6aed70:   00000000bb9349f0 0000000002652235
0x000000000f6aed80:   000000000b449800 000000000b449800 

Instructions: (pc=0x000007fef5e0531a)
0x000007fef5e052fa:   09 41 8b d1 49 8b c8 48 ff e0 33 c0 c3 cc cc cc
0x000007fef5e0530a:   cc cc cc cc cc cc 48 89 5c 24 10 57 48 83 ec 20
0x000007fef5e0531a:   48 8b 01 8b fa 48 8b d9 83 78 10 00 76 62 48 8b
0x000007fef5e0532a:   40 08 44 8b 00 41 c1 e8 19 41 83 e0 01 74 51 83 


Register to memory mapping:

RAX=0x000000000f6aecf0 is pointing into the stack for thread: 0x000000000b449800
RBX=0x00000000bb9349f0 is an oop
{method} 
 - klass: {other class}
RCX=0x0000000000000000 is an unknown value
RDX=0x0000000000000002 is an unknown value
RSP=0x000000000f6aec90 is pointing into the stack for thread: 0x000000000b449800
RBP=0x0000000000000002 is an unknown value
RSI=0x0000000000000001 is an unknown value
RDI=0x0000000012e17fd0 is an unknown value
R8 =0x00000240008000bf is an unknown value
R9 =0x00000241007e00c0 is an unknown value
R10=0x0000000000380158 is an unknown value
R11=0x0000000000492850 is an unknown value
R12=0x0000000000000000 is an unknown value
R13=0x00000000bb9349f0 is an oop
{method} 
 - klass: {other class}
R14=0x000000000f6aee70 is pointing into the stack for thread: 0x000000000b449800
R15=0x000000000b449800 is a thread


Stack: [0x000000000f5b0000,0x000000000f6b0000],  sp=0x000000000f6aec90,  free space=1019k
Native frames: (J=compiled Java code, j=interpreted, Vv=VM code, C=native code)
C  [OpenNI64.dll+0x1531a]  xnSetSkeletonProfile+0xa

Java frames: (J=compiled Java code, j=interpreted, Vv=VM code)
j  SimpleOpenNI.SimpleOpenNIJNI.ContextWrapper_enableUserSwigExplicitContextWrapper(JLSimpleOpenNI/ContextWrapper;I)Z+0
j  SimpleOpenNI.ContextWrapper.enableUser(I)Z+28
j  SimpleOpenNI.SimpleOpenNI.enableUser(ILjava/lang/Object;)Z+17
j  SimpleOpenNI.SimpleOpenNI.enableUser(I)Z+6
j  com.madsim.tracking.kinect.Kinect.init()V+74
j  com.madsim.tracking.kinect.Kinect.<init>(Lcom/madsim/engine/EngineApplet;SZ)V+43
j  drole.Main.setup()V+391
j  processing.core.PApplet.handleDraw()V+65
j  processing.core.PApplet.run()V+59
j  java.lang.Thread.run()V+11
v  ~StubRoutines::call_stub

---------------  P R O C E S S  ---------------

Java Threads: ( => current thread )
  0x000000000038e000 JavaThread "DestroyJavaVM" [_thread_blocked, id=5888, stack(0x0000000002540000,0x0000000002640000)]
  0x000000000b46b800 JavaThread "D3D Screen Updater" daemon [_thread_blocked, id=2572, stack(0x000000000f780000,0x000000000f880000)]
=>0x000000000b449800 JavaThread "Animation Thread" [_thread_in_native, id=4372, stack(0x000000000f5b0000,0x000000000f6b0000)]
  0x000000000b3e3800 JavaThread "Image Fetcher 0" daemon [_thread_blocked, id=3964, stack(0x000000000e9b0000,0x000000000eab0000)]
  0x000000000b29d000 JavaThread "AWT-EventQueue-0" [_thread_blocked, id=1488, stack(0x000000000e830000,0x000000000e930000)]
  0x000000000b3ba000 JavaThread "AWT-Windows" daemon [_thread_in_native, id=4500, stack(0x000000000bdc0000,0x000000000bec0000)]
  0x000000000b2c2000 JavaThread "AWT-Shutdown" [_thread_blocked, id=1180, stack(0x000000000c080000,0x000000000c180000)]
  0x000000000b276000 JavaThread "Java2D Disposer" daemon [_thread_blocked, id=1344, stack(0x000000000bf60000,0x000000000c060000)]
  0x000000000b1b9000 JavaThread "Service Thread" daemon [_thread_blocked, id=5968, stack(0x000000000bcb0000,0x000000000bdb0000)]
  0x000000000b1b4800 JavaThread "C2 CompilerThread1" daemon [_thread_blocked, id=4520, stack(0x000000000bb10000,0x000000000bc10000)]
  0x000000000b19f800 JavaThread "C2 CompilerThread0" daemon [_thread_blocked, id=5440, stack(0x000000000b9f0000,0x000000000baf0000)]
  0x000000000b19d000 JavaThread "Attach Listener" daemon [_thread_blocked, id=5820, stack(0x000000000b590000,0x000000000b690000)]
  0x000000000b19c000 JavaThread "Signal Dispatcher" daemon [_thread_blocked, id=3324, stack(0x000000000b720000,0x000000000b820000)]
  0x00000000090f9800 JavaThread "Finalizer" daemon [_thread_blocked, id=2484, stack(0x000000000b050000,0x000000000b150000)]
  0x00000000090f1000 JavaThread "Reference Handler" daemon [_thread_blocked, id=5596, stack(0x000000000af20000,0x000000000b020000)]

Other Threads:
  0x00000000090e9000 VMThread [stack: 0x000000000adc0000,0x000000000aec0000] [id=5512]
  0x000000000b1d2000 WatcherThread [stack: 0x000000000b850000,0x000000000b950000] [id=4876]

VM state:not at safepoint (normal execution)

VM Mutex/Monitor currently owned by a thread: None

Heap
 PSYoungGen      total 305856K, used 47201K [0x00000000eaab0000, 0x0000000100000000, 0x0000000100000000)
  eden space 262208K, 18% used [0x00000000eaab0000,0x00000000ed8c87c0,0x00000000faac0000)
  from space 43648K, 0% used [0x00000000fd560000,0x00000000fd560000,0x0000000100000000)
  to   space 43648K, 0% used [0x00000000faac0000,0x00000000faac0000,0x00000000fd560000)
 ParOldGen       total 699072K, used 0K [0x00000000c0000000, 0x00000000eaab0000, 0x00000000eaab0000)
  object space 699072K, 0% used [0x00000000c0000000,0x00000000c0000000,0x00000000eaab0000)
 PSPermGen       total 21248K, used 11719K [0x00000000bae00000, 0x00000000bc2c0000, 0x00000000c0000000)
  object space 21248K, 55% used [0x00000000bae00000,0x00000000bb971c90,0x00000000bc2c0000)

Card table byte_map: [0x0000000005640000,0x0000000005870000] byte_map_base: 0x0000000005069000

Polling page: 0x0000000000220000

Code Cache  [0x0000000002640000, 0x00000000028b0000, 0x0000000005640000)
 total_blobs=759 nmethods=68 adapters=642 free_code_cache=48350Kb largest_free_block=49506176

Compilation events (10 events):
Event: 0.701 Thread 0x000000000b19f800 nmethod 64 0x00000000026f1950 code [0x00000000026f1aa0, 0x00000000026f1c58]
Event: 0.705 Thread 0x000000000b1b4800 nmethod 63 0x00000000027010d0 code [0x00000000027012a0, 0x0000000002701a80]
Event: 0.706 Thread 0x000000000b19f800   65             java.nio.channels.spi.AbstractInterruptibleChannel::isOpen (5 bytes)
Event: 0.706 Thread 0x000000000b19f800 nmethod 65 0x00000000026ed5d0 code [0x00000000026ed700, 0x00000000026ed758]
Event: 0.709 Thread 0x000000000b1b4800   66             java.lang.AbstractStringBuilder::ensureCapacityInternal (16 bytes)
Event: 0.711 Thread 0x000000000b1b4800 nmethod 66 0x00000000026e4810 code [0x00000000026e4960, 0x00000000026e4bb8]
Event: 0.713 Thread 0x000000000b19f800   67   !         java.io.BufferedReader::readLine (304 bytes)
Event: 0.724 Thread 0x000000000b19f800 nmethod 67 0x00000000027022d0 code [0x0000000002702480, 0x00000000027034e8]
Event: 0.725 Thread 0x000000000b1b4800   68             sun.nio.cs.UTF_8$Decoder::decodeArrayLoop (543 bytes)
Event: 0.734 Thread 0x000000000b1b4800 nmethod 68 0x00000000026f8390 code [0x00000000026f85e0, 0x00000000026f90f8]

GC Heap History (0 events):
No events

Deoptimization events (1 events):
Event: 0.650 Thread 0x000000000b449800 Uncommon trap 43 fr.pc 0x00000000026e3c58

Internal exceptions (10 events):
Event: 0.519 Thread 0x000000000b449800 Threw 0x00000000ec3f4ef0 at C:\jdk7u2_64p\jdk7u13\hotspot\src\share\vm\prims\jvm.cpp:1166
Event: 0.700 Thread 0x000000000b449800 Threw 0x00000000ed3a5c50 at C:\jdk7u2_64p\jdk7u13\hotspot\src\share\vm\prims\jvm.cpp:1166
Event: 0.706 Thread 0x000000000b449800 Threw 0x00000000ed3b8190 at C:\jdk7u2_64p\jdk7u13\hotspot\src\share\vm\prims\jvm.cpp:1166
Event: 0.707 Thread 0x000000000b449800 Threw 0x00000000ed3bf2b0 at C:\jdk7u2_64p\jdk7u13\hotspot\src\share\vm\prims\jvm.cpp:1166
Event: 0.727 Thread 0x000000000b449800 Threw 0x00000000ed4445d0 at C:\jdk7u2_64p\jdk7u13\hotspot\src\share\vm\prims\jvm.cpp:1166
Event: 0.727 Thread 0x000000000b449800 Threw 0x00000000ed448548 at C:\jdk7u2_64p\jdk7u13\hotspot\src\share\vm\prims\jvm.cpp:1166
Event: 0.728 Thread 0x000000000b449800 Threw 0x00000000ed453360 at C:\jdk7u2_64p\jdk7u13\hotspot\src\share\vm\prims\jvm.cpp:1166
Event: 0.728 Thread 0x000000000b449800 Threw 0x00000000ed4666b8 at C:\jdk7u2_64p\jdk7u13\hotspot\src\share\vm\prims\jvm.cpp:1166
Event: 0.732 Thread 0x000000000b449800 Threw 0x00000000ed47da78 at C:\jdk7u2_64p\jdk7u13\hotspot\src\share\vm\prims\jvm.cpp:1166
Event: 0.736 Thread 0x000000000b449800 Threw 0x00000000ed4ba8b8 at C:\jdk7u2_64p\jdk7u13\hotspot\src\share\vm\prims\jvm.cpp:1166

Events (10 events):
Event: 0.737 loading class 0x000000000feb6230 done
Event: 0.737 loading class 0x000000000b24c8e0 done
Event: 0.738 loading class 0x000000000b24c6a0
Event: 0.738 loading class 0x000000000b24c6a0 done
Event: 0.738 loading class 0x000000000b267ef0
Event: 0.738 loading class 0x000000000b267ef0 done
Event: 0.738 loading class 0x000000000b24c910
Event: 0.738 loading class 0x0000000010493aa0
Event: 0.738 loading class 0x0000000010493aa0 done
Event: 0.738 loading class 0x000000000b24c910 done


Dynamic libraries:
0x000000013fcd0000 - 0x000000013fd03000 	C:\Program Files\Java\jre7\bin\javaw.exe
0x00000000775e0000 - 0x0000000077789000 	C:\Windows\SYSTEM32\ntdll.dll
0x00000000773c0000 - 0x00000000774df000 	C:\Windows\system32\kernel32.dll
0x000007fefd850000 - 0x000007fefd8bb000 	C:\Windows\system32\KERNELBASE.dll
0x000007fefee50000 - 0x000007fefef2b000 	C:\Windows\system32\ADVAPI32.dll
0x000007feff2d0000 - 0x000007feff36f000 	C:\Windows\system32\msvcrt.dll
0x000007feff1d0000 - 0x000007feff1ef000 	C:\Windows\SYSTEM32\sechost.dll
0x000007fefdf90000 - 0x000007fefe0bd000 	C:\Windows\system32\RPCRT4.dll
0x00000000774e0000 - 0x00000000775da000 	C:\Windows\system32\USER32.dll
0x000007feff0d0000 - 0x000007feff137000 	C:\Windows\system32\GDI32.dll
0x000007fefef90000 - 0x000007fefef9e000 	C:\Windows\system32\LPK.dll
0x000007feff5c0000 - 0x000007feff689000 	C:\Windows\system32\USP10.dll
0x000007fefbbd0000 - 0x000007fefbdc4000 	C:\Windows\WinSxS\amd64_microsoft.windows.common-controls_6595b64144ccf1df_6.0.7601.17514_none_fa396087175ac9ac\COMCTL32.dll
0x000007feff510000 - 0x000007feff581000 	C:\Windows\system32\SHLWAPI.dll
0x000007feff590000 - 0x000007feff5be000 	C:\Windows\system32\IMM32.DLL
0x000007fefdc20000 - 0x000007fefdd29000 	C:\Windows\system32\MSCTF.dll
0x0000000074110000 - 0x00000000741e1000 	C:\Program Files\Java\jre7\bin\msvcr100.dll
0x00000000739f0000 - 0x000000007410f000 	C:\Program Files\Java\jre7\bin\server\jvm.dll
0x000007fef7530000 - 0x000007fef7539000 	C:\Windows\system32\WSOCK32.dll
0x000007feff690000 - 0x000007feff6dd000 	C:\Windows\system32\WS2_32.dll
0x000007feff140000 - 0x000007feff148000 	C:\Windows\system32\NSI.dll
0x000007fefb450000 - 0x000007fefb48b000 	C:\Windows\system32\WINMM.dll
0x00000000777b0000 - 0x00000000777b7000 	C:\Windows\system32\PSAPI.DLL
0x00000000739e0000 - 0x00000000739ef000 	C:\Program Files\Java\jre7\bin\verify.dll
0x00000000739b0000 - 0x00000000739d8000 	C:\Program Files\Java\jre7\bin\java.dll
0x0000000073990000 - 0x00000000739a5000 	C:\Program Files\Java\jre7\bin\zip.dll
0x0000000059a60000 - 0x0000000059bf3000 	C:\Program Files\Java\jre7\bin\awt.dll
0x000007feff1f0000 - 0x000007feff2c7000 	C:\Windows\system32\OLEAUT32.dll
0x000007feff6e0000 - 0x000007feff8e3000 	C:\Windows\system32\ole32.dll
0x000007fefb7b0000 - 0x000007fefb806000 	C:\Windows\system32\uxtheme.dll
0x0000004500000000 - 0x0000004500017000 	C:\Program Files (x86)\TeamViewer\Version7\tv_x64.dll
0x000007fefe0c0000 - 0x000007fefee48000 	C:\Windows\system32\SHELL32.dll
0x000007fefb300000 - 0x000007fefb318000 	C:\Windows\system32\dwmapi.dll
0x000007fefd460000 - 0x000007fefd46f000 	C:\Windows\system32\CRYPTBASE.dll
0x000007feef820000 - 0x000007feefa1f000 	C:\Windows\system32\d3d9.dll
0x000007fefc670000 - 0x000007fefc67c000 	C:\Windows\system32\VERSION.dll
0x000007fef9c70000 - 0x000007fef9c77000 	C:\Windows\system32\d3d8thk.dll
0x000007feecec0000 - 0x000007feedfe7000 	C:\Windows\system32\nvd3dumx.dll
0x0000000180000000 - 0x0000000180154000 	C:\Program Files (x86)\NVIDIA Corporation\3D Vision\nvSCPAPI64.dll
0x000007fefd9a0000 - 0x000007fefdb77000 	C:\Windows\system32\SETUPAPI.dll
0x000007fefd5e0000 - 0x000007fefd616000 	C:\Windows\system32\CFGMGR32.dll
0x000007fefd790000 - 0x000007fefd7aa000 	C:\Windows\system32\DEVOBJ.dll
0x000007fefc3f0000 - 0x000007fefc41c000 	C:\Windows\system32\powrprof.dll
0x000007fefa230000 - 0x000007fefa50c000 	C:\Windows\system32\nvapi64.dll
0x000007fefd8c0000 - 0x000007fefd8fa000 	C:\Windows\system32\WINTRUST.dll
0x000007fefd620000 - 0x000007fefd787000 	C:\Windows\system32\CRYPT32.dll
0x000007fefd5d0000 - 0x000007fefd5df000 	C:\Windows\system32\MSASN1.dll
0x000000005cac0000 - 0x000000005caf4000 	C:\Program Files\Java\jre7\bin\fontmanager.dll
0x0000000006090000 - 0x00000000060ea000 	C:\Users\ChopChop\Documents\GitHub\Drole\Drole1.5\lib\opengl\windows64\jogl.dll
0x000007fef4b60000 - 0x000007fef4c7d000 	C:\Windows\system32\OPENGL32.dll
0x000007fef4aa0000 - 0x000007fef4acd000 	C:\Windows\system32\GLU32.dll
0x000007fef49a0000 - 0x000007fef4a91000 	C:\Windows\system32\DDRAW.dll
0x000007fef7fb0000 - 0x000007fef7fb8000 	C:\Windows\system32\DCIMAN32.dll
0x0000000072fa0000 - 0x0000000073069000 	C:\Windows\WinSxS\amd64_microsoft.vc80.crt_1fc8b3b9a1e18e3b_8.0.50727.4940_none_88df89932faf0bf6\MSVCR80.dll
0x0000000074460000 - 0x0000000074467000 	C:\Program Files\Java\jre7\bin\jawt.dll
0x0000000005a40000 - 0x0000000005a47000 	C:\Users\ChopChop\Documents\GitHub\Drole\Drole1.5\lib\opengl\windows64\jogl_awt.dll
0x000000005a5b0000 - 0x000000005bf98000 	C:\Windows\system32\nvoglv64.DLL
0x000007fefc210000 - 0x000007fefc23d000 	C:\Windows\system32\ntmarta.dll
0x000007fefef30000 - 0x000007fefef82000 	C:\Windows\system32\WLDAP32.dll
0x0000000073970000 - 0x0000000073989000 	C:\Program Files\Java\jre7\bin\net.dll
0x000007fefcda0000 - 0x000007fefcdf5000 	C:\Windows\system32\mswsock.dll
0x000007fefcd90000 - 0x000007fefcd97000 	C:\Windows\System32\wship6.dll
0x0000000073950000 - 0x0000000073961000 	C:\Program Files\Java\jre7\bin\nio.dll
0x0000000074410000 - 0x0000000074451000 	C:\Program Files\Java\jre7\bin\t2k.dll
0x000007fef5a90000 - 0x000007fef5b13000 	C:\Users\ChopChop\Documents\GitHub\Drole\Drole1.5\lib\SimpleOpenNI64.dll
0x000007fef5df0000 - 0x000007fef5e59000 	C:\Program Files\OpenNI\Bin64\OpenNI64.dll
0x000007fef1b70000 - 0x000007fef1c82000 	C:\Program Files\PrimeSense\NITE\bin64\XnVNITE64_1_5_2.dll
0x0000000072c50000 - 0x0000000072ced000 	C:\Windows\WinSxS\amd64_microsoft.vc90.crt_1fc8b3b9a1e18e3b_9.0.30729.4940_none_08e4299fa83d7e3c\MSVCR90.dll
0x0000000072cf0000 - 0x0000000072dc3000 	C:\Windows\WinSxS\amd64_microsoft.vc90.crt_1fc8b3b9a1e18e3b_9.0.30729.4940_none_08e4299fa83d7e3c\MSVCP90.dll
0x000007fef86f0000 - 0x000007fef870c000 	C:\Program Files\OpenNI\bin64\nimRecorder64.dll
0x000007fefb8a0000 - 0x000007fefb8c0000 	C:\Program Files\OpenNI\bin64\nimMockNodes64.dll
0x000007fef5a30000 - 0x000007fef5a84000 	C:\Program Files\OpenNI\bin64\nimCodecs64.dll
0x000007feefcc0000 - 0x000007feeff81000 	C:\Program Files\PrimeSense\NITE\Features_1_3_1\Bin64\XnVFeatures64_1_3_1.dll
0x000007fef05d0000 - 0x000007fef0974000 	C:\Program Files\PrimeSense\NITE\Features_1_4_1\Bin64\XnVFeatures64_1_4_1.dll
0x000007feef0e0000 - 0x000007feef47a000 	C:\Program Files\PrimeSense\NITE\Features_1_4_2\Bin64\XnVFeatures64_1_4_2.dll
0x000007feeed30000 - 0x000007feef0df000 	C:\Program Files\PrimeSense\NITE\Features_1_5_2\Bin64\XnVFeatures64_1_5_2.dll
0x000007fef2340000 - 0x000007fef2461000 	C:\Program Files\PrimeSense\NITE\Hands_1_3_1\Bin64\XnVHandGenerator64_1_3_1.dll
0x000007feefb90000 - 0x000007feefcb4000 	C:\Program Files\PrimeSense\NITE\Hands_1_4_1\Bin64\XnVHandGenerator64_1_4_1.dll
0x000007feefa70000 - 0x000007feefb8a000 	C:\Program Files\PrimeSense\NITE\Hands_1_4_2\Bin64\XnVHandGenerator64_1_4_2.dll
0x000007feef6f0000 - 0x000007feef81c000 	C:\Program Files\PrimeSense\NITE\Hands_1_5_2\Bin64\XnVHandGenerator64_1_5_2.dll
0x000007fef5770000 - 0x000007fef57a9000 	C:\Program Files\PrimeSense\Sensor\Bin64\XnDeviceFile64.dll
0x000007fef9bc0000 - 0x000007fef9bcd000 	C:\Program Files\PrimeSense\Sensor\Bin64\XnCore64.dll
0x000007fef2290000 - 0x000007fef2338000 	C:\Program Files\PrimeSense\Sensor\Bin64\XnDDK64.dll
0x000007fef2f60000 - 0x000007fef2fc4000 	C:\Program Files\PrimeSense\Sensor\Bin64\XnFormats64.dll
0x000007feef630000 - 0x000007feef6e6000 	C:\Program Files\PrimeSense\Sensor\Bin64\XnDeviceSensorV264.dll
0x000007fef6060000 - 0x000007fef6087000 	C:\Program Files\PrimeSense\SensorKinect\Bin64\XnDeviceFile64.dll
0x000007fef3d40000 - 0x000007fef3da5000 	C:\Program Files\PrimeSense\SensorKinect\Bin64\XnDeviceSensorV2KM64.dll
0x000007fef71c0000 - 0x000007fef72e5000 	C:\Windows\system32\dbghelp.dll

VM Arguments:
jvm_args: -Xms1G -Xmx1G -Djava.library.path=C:\Users\ChopChop\Documents\GitHub\Drole\Drole1.5\lib;C:\Users\ChopChop\Documents\GitHub\Drole\Drole1.5\lib\opengl;C:\Users\ChopChop\Documents\GitHub\Drole\Drole1.5\lib\opengl\windows64 -Dfile.encoding=Cp1252 
java_command: drole.Main
Launcher Type: SUN_STANDARD

Environment Variables:
CLASSPATH=C:\Program Files\OpenNI\Bin64\org.OpenNI.jar
PATH=C:\Program Files (x86)\NVIDIA Corporation\PhysX\Common;C:\Windows\system32;C:\Windows;C:\Windows\System32\Wbem;C:\Windows\System32\WindowsPowerShell\v1.0\;C:\Program Files\OpenNI\Bin64;C:\Program Files\PrimeSense\NITE\bin64
USERNAME=ChopChop
OS=Windows_NT
PROCESSOR_IDENTIFIER=Intel64 Family 6 Model 45 Stepping 7, GenuineIntel



---------------  S Y S T E M  ---------------

OS: Windows 7 , 64 bit Build 7601 Service Pack 1

CPU:total 8 (4 cores per cpu, 2 threads per core) family 6 model 45 stepping 7, cmov, cx8, fxsr, mmx, sse, sse2, sse3, ssse3, sse4.1, sse4.2, popcnt, avx, ht, tsc, tscinvbit, tscinv

Memory: 4k page, physical 4143268k(2748520k free), swap 12033812k(1279080k free)

vm_info: Java HotSpot(TM) 64-Bit Server VM (23.7-b01) for windows-amd64 JRE (1.7.0_13-b20), built on Jan 30 2013 10:10:00 by "java_re" with unknown MS VC++:1600

time: Thu Feb 28 17:47:42 2013
elapsed time: 0 seconds

